<?xml version="1.0" encoding="UTF-8"?>
<!-- Generated by org.testng.reporters.JUnitReportReporter -->
<testsuite skipped="0" hostname="DESKTOP-36R32J1" name="orange_hrm.testng" tests="2" failures="0" timestamp="2022-09-06T13:14:42 IST" time="0.000" errors="0">
  <testcase name="atestcase2" time="0.000" classname="orange_hrm.testng"/>
  <system-out/>
  <testcase name="testcase1" time="0.000" classname="orange_hrm.testng"/>
  <system-out/>
</testsuite> <!-- orange_hrm.testng -->
