<?xml version="1.0" encoding="UTF-8"?>
<!-- Generated by org.testng.reporters.JUnitReportReporter -->
<testsuite skipped="0" hostname="DESKTOP-36R32J1" name="orange_hrm.testng2" tests="2" failures="0" timestamp="2022-09-06T13:15:00 IST" time="0.015" errors="0">
  <testcase name="testcase3" time="0.015" classname="orange_hrm.testng2"/>
  <system-out/>
  <testcase name="testcase4" time="0.000" classname="orange_hrm.testng2"/>
  <system-out/>
</testsuite> <!-- orange_hrm.testng2 -->
